<?xml version="1.0" encoding="UTF-8"?>
<!-- Generated by org.testng.reporters.JUnitReportReporter -->
<testsuite skipped="0" hostname="DESKTOP-R0F6KMK" name="com.webapp.runner.TestRunner" tests="1" failures="0" timestamp="2021-12-25T20:08:14 IST" time="16.223" errors="0">
  <testcase name="runScenario" time="16.223" classname="com.webapp.runner.TestRunner"/>
  <system-out/>
</testsuite> <!-- com.webapp.runner.TestRunner -->
